<?xml version="1.0" encoding="UTF-8"?>
<testng-results ignored="0" total="1" passed="1" failed="0" skipped="0">
  <reporter-output>
  </reporter-output>
  <suite started-at="2026-01-28T15:16:50 IST" name="Default suite" finished-at="2026-01-28T15:17:29 IST" duration-ms="39252">
    <groups>
    </groups>
    <test started-at="2026-01-28T15:16:50 IST" name="Default test" finished-at="2026-01-28T15:17:29 IST" duration-ms="39252">
      <class name="com.orhrm.tests.logintest">
        <test-method is-config="true" signature="beforeMethod()[pri:0, instance:com.orhrm.tests.logintest@61710c6]" started-at="2026-01-28T15:16:50 IST" name="beforeMethod" finished-at="2026-01-28T15:16:54 IST" duration-ms="4060" status="PASS">
          <reporter-output>
          </reporter-output>
        </test-method> <!-- beforeMethod -->
        <test-method signature="verifylogin(java.lang.String,java.lang.String,java.lang.String)[pri:0, instance:com.orhrm.tests.logintest@61710c6]" started-at="2026-01-28T15:16:54 IST" name="verifylogin" data-provider="logindata" finished-at="2026-01-28T15:17:28 IST" duration-ms="34313" status="PASS">
          <params>
            <param index="0">
              <value>
                <![CDATA[https://opensource-demo.orangehrmlive.com/web/index.php/auth/login]]>
              </value>
            </param>
            <param index="1">
              <value>
                <![CDATA[Admin]]>
              </value>
            </param>
            <param index="2">
              <value>
                <![CDATA[admin123]]>
              </value>
            </param>
          </params>
          <reporter-output>
          </reporter-output>
        </test-method> <!-- verifylogin -->
        <test-method is-config="true" signature="afterMethod()[pri:0, instance:com.orhrm.tests.logintest@61710c6]" started-at="2026-01-28T15:17:28 IST" name="afterMethod" finished-at="2026-01-28T15:17:29 IST" duration-ms="815" status="PASS">
          <reporter-output>
          </reporter-output>
        </test-method> <!-- afterMethod -->
      </class> <!-- com.orhrm.tests.logintest -->
    </test> <!-- Default test -->
  </suite> <!-- Default suite -->
</testng-results>
