<?xml version="1.0" encoding="UTF-8"?>
<testng-results ignored="0" total="3" passed="3" failed="0" skipped="0">
  <reporter-output>
  </reporter-output>
  <suite started-at="2026-01-27T09:33:23 IST" name="Default suite" finished-at="2026-01-27T09:34:19 IST" duration-ms="56086">
    <groups>
    </groups>
    <test started-at="2026-01-27T09:33:23 IST" name="Default test" finished-at="2026-01-27T09:34:19 IST" duration-ms="56086">
      <class name="SeleniumPac.Lab9">
        <test-method is-config="true" signature="setup(java.lang.String)[pri:0, instance:SeleniumPac.Lab9@408d971b]" started-at="2026-01-27T09:33:23 IST" name="setup" finished-at="2026-01-27T09:33:50 IST" duration-ms="26154" status="PASS">
          <params>
            <param index="0">
              <value>
                <![CDATA[chrome]]>
              </value>
            </param>
          </params>
          <reporter-output>
          </reporter-output>
        </test-method> <!-- setup -->
        <test-method signature="test1()[pri:0, instance:SeleniumPac.Lab9@408d971b]" started-at="2026-01-27T09:33:50 IST" name="test1" finished-at="2026-01-27T09:34:03 IST" duration-ms="13825" status="PASS">
          <reporter-output>
          </reporter-output>
        </test-method> <!-- test1 -->
        <test-method is-config="true" signature="tearDown()[pri:0, instance:SeleniumPac.Lab9@408d971b]" started-at="2026-01-27T09:34:03 IST" name="tearDown" finished-at="2026-01-27T09:34:05 IST" duration-ms="1313" status="PASS">
          <reporter-output>
          </reporter-output>
        </test-method> <!-- tearDown -->
        <test-method is-config="true" signature="setup(java.lang.String)[pri:0, instance:SeleniumPac.Lab9@408d971b]" started-at="2026-01-27T09:34:05 IST" name="setup" finished-at="2026-01-27T09:34:07 IST" duration-ms="2681" status="PASS">
          <params>
            <param index="0">
              <value>
                <![CDATA[chrome]]>
              </value>
            </param>
          </params>
          <reporter-output>
          </reporter-output>
        </test-method> <!-- setup -->
        <test-method signature="test2()[pri:0, instance:SeleniumPac.Lab9@408d971b]" started-at="2026-01-27T09:34:07 IST" name="test2" finished-at="2026-01-27T09:34:13 IST" duration-ms="5441" status="PASS">
          <reporter-output>
          </reporter-output>
        </test-method> <!-- test2 -->
        <test-method is-config="true" signature="tearDown()[pri:0, instance:SeleniumPac.Lab9@408d971b]" started-at="2026-01-27T09:34:13 IST" name="tearDown" finished-at="2026-01-27T09:34:13 IST" duration-ms="449" status="PASS">
          <reporter-output>
          </reporter-output>
        </test-method> <!-- tearDown -->
        <test-method is-config="true" signature="setup(java.lang.String)[pri:0, instance:SeleniumPac.Lab9@408d971b]" started-at="2026-01-27T09:34:13 IST" name="setup" finished-at="2026-01-27T09:34:16 IST" duration-ms="2692" status="PASS">
          <params>
            <param index="0">
              <value>
                <![CDATA[chrome]]>
              </value>
            </param>
          </params>
          <reporter-output>
          </reporter-output>
        </test-method> <!-- setup -->
        <test-method signature="test3()[pri:0, instance:SeleniumPac.Lab9@408d971b]" started-at="2026-01-27T09:34:16 IST" name="test3" finished-at="2026-01-27T09:34:19 IST" duration-ms="3014" status="PASS">
          <reporter-output>
          </reporter-output>
        </test-method> <!-- test3 -->
        <test-method is-config="true" signature="tearDown()[pri:0, instance:SeleniumPac.Lab9@408d971b]" started-at="2026-01-27T09:34:19 IST" name="tearDown" finished-at="2026-01-27T09:34:19 IST" duration-ms="449" status="PASS">
          <reporter-output>
          </reporter-output>
        </test-method> <!-- tearDown -->
      </class> <!-- SeleniumPac.Lab9 -->
    </test> <!-- Default test -->
  </suite> <!-- Default suite -->
</testng-results>
