<?xml version="1.0" encoding="UTF-8"?>
<!-- Generated by org.testng.reporters.JUnitReportReporter -->
<testsuite hostname="LP-TZD-0X45690" failures="0" tests="3" name="SeleniumPac.Lab9" time="56.018" errors="0" timestamp="2026-01-27T09:34:20 IST" skipped="0">
  <testcase classname="SeleniumPac.Lab9" name="test1" time="16.955"/>
  <testcase classname="SeleniumPac.Lab9" name="test2" time="32.908"/>
  <testcase classname="SeleniumPac.Lab9" name="test3" time="6.155"/>
</testsuite> <!-- SeleniumPac.Lab9 -->
