<?xml version="1.0" encoding="UTF-8"?>
<!-- Generated by org.testng.reporters.JUnitReportReporter -->
<testsuite hostname="LP-TZD-0X45690" failures="0" tests="3" name="SeleniumPac.TC_ParallelTest" time="122.504" errors="0" timestamp="2026-01-23T15:22:45 IST" skipped="0">
  <testcase classname="SeleniumPac.TC_ParallelTest" name="test2" time="42.281"/>
  <testcase classname="SeleniumPac.TC_ParallelTest" name="test3" time="36.446"/>
  <testcase classname="SeleniumPac.TC_ParallelTest" name="test1" time="43.777"/>
</testsuite> <!-- SeleniumPac.TC_ParallelTest -->
