<?xml version="1.0" encoding="UTF-8"?>
<!-- Generated by org.testng.reporters.JUnitReportReporter -->
<testsuite hostname="LP-TZD-0X45690" failures="0" tests="2" name="SeleniumPac.TC_TestNGTest_PageFactory" time="29.834" errors="0" timestamp="2026-01-27T11:41:27 IST" skipped="0">
  <testcase classname="SeleniumPac.TC_TestNGTest_PageFactory" name="f" time="15.708"/>
  <testcase classname="SeleniumPac.TC_TestNGTest_PageFactory" name="f" time="14.126"/>
</testsuite> <!-- SeleniumPac.TC_TestNGTest_PageFactory -->
