<?xml version="1.0" encoding="UTF-8"?>
<!-- Generated by org.testng.reporters.JUnitReportReporter -->
<testsuite hostname="LP-TZD-0X45690" failures="0" tests="4" name="RestAPITesting.Patch_user" time="4.978" errors="0" timestamp="2026-01-31T11:12:37 IST" skipped="0">
  <testcase classname="RestAPITesting.Patch_user" name="postuser1" time="3.605"/>
  <testcase classname="RestAPITesting.Patch_user" name="putuser" time="0.455"/>
  <testcase classname="RestAPITesting.Patch_user" name="patchuser" time="0.519"/>
  <testcase classname="RestAPITesting.Patch_user" name="deleteuser" time="0.399"/>
</testsuite> <!-- RestAPITesting.Patch_user -->
