<?xml version="1.0" encoding="UTF-8"?>
<!-- Generated by org.testng.reporters.JUnitXMLReporter -->
<testsuite ignored="0" hostname="LP-TZD-0X45690" failures="0" tests="3" name="Test" time="43.896" errors="0" timestamp="2026-01-23T15:22:45 IST">
  <testcase classname="SeleniumPac.TC_ParallelTest" name="test3" time="30.126"/>
  <testcase classname="SeleniumPac.TC_ParallelTest" name="test2" time="35.805"/>
  <testcase classname="SeleniumPac.TC_ParallelTest" name="test1" time="37.456"/>
</testsuite> <!-- Test -->
